
> storage@0.1.0 build
> next build

  ▲ Next.js 14.2.3
  - Environments: .env

   Creating an optimized production build ...
 ✓ Compiled successfully
   Linting and checking validity of types ...

./app/(root)/records/[id]/page.tsx
117:6  Warning: React Hook useEffect has a missing dependency: 'handleRedirect'. Either include it or remove the dependency array.  react-hooks/exhaustive-deps

./app/superadmin/page.tsx
74:6  Warning: React Hook useEffect has a missing dependency: 'fetchData'. Either include it or remove the dependency array.  react-hooks/exhaustive-deps

./components/charts/chartfour.tsx
165:6  Warning: React Hook useEffect has a missing dependency: 'fetchData'. Either include it or remove the dependency array.  react-hooks/exhaustive-deps

./components/charts/chartone.tsx
134:6  Warning: React Hook useEffect has a missing dependency: 'fetchData'. Either include it or remove the dependency array.  react-hooks/exhaustive-deps

./components/charts/charttwo.tsx
115:6  Warning: React Hook useEffect has a missing dependency: 'fetchData'. Either include it or remove the dependency array.  react-hooks/exhaustive-deps

./components/ui/images-slider.tsx
41:6  Warning: React Hook useEffect has a missing dependency: 'loadImages'. Either include it or remove the dependency array.  react-hooks/exhaustive-deps
84:6  Warning: React Hook useEffect has missing dependencies: 'autoplay', 'handleNext', and 'handlePrevious'. Either include them or remove the dependency array.  react-hooks/exhaustive-deps

./components/ui/type-writer.tsx
45:6  Warning: React Hook useEffect has a missing dependency: 'animate'. Either include it or remove the dependency array.  react-hooks/exhaustive-deps

info  - Need to disable some ESLint rules? Learn more here: https://nextjs.org/docs/basic-features/eslint#disabling-rules
   Collecting page data ...
PageNotFoundError: Cannot find module for page: /api/onsale/[id]
    at getPagePath (E:\Download\Point-of-sales-Nextjs-main\Point-of-sales-Nextjs-main\node_modules\next\dist\server\require.js:94:15)
    at requirePage (E:\Download\Point-of-sales-Nextjs-main\Point-of-sales-Nextjs-main\node_modules\next\dist\server\require.js:99:22)
    at E:\Download\Point-of-sales-Nextjs-main\Point-of-sales-Nextjs-main\node_modules\next\dist\server\load-components.js:98:84
    at process.processTicksAndRejections (node:internal/process/task_queues:104:5)
    at async loadComponentsImpl (E:\Download\Point-of-sales-Nextjs-main\Point-of-sales-Nextjs-main\node_modules\next\dist\server\load-components.js:98:26)
    at async E:\Download\Point-of-sales-Nextjs-main\Point-of-sales-Nextjs-main\node_modules\next\dist\build\utils.js:1116:32
    at async Span.traceAsyncFn (E:\Download\Point-of-sales-Nextjs-main\Point-of-sales-Nextjs-main\node_modules\next\dist\trace\trace.js:154:20) {
  code: 'ENOENT'
}

> Build error occurred
Error: Failed to collect page data for /api/onsale/[id]
    at E:\Download\Point-of-sales-Nextjs-main\Point-of-sales-Nextjs-main\node_modules\next\dist\build\utils.js:1268:15
    at process.processTicksAndRejections (node:internal/process/task_queues:104:5) {
  type: 'Error'
}
