[debug] [2026-05-30T09:54:53.045Z] ----------------------------------------------------------------------
[debug] [2026-05-30T09:54:53.046Z] Command:       /usr/bin/node /mnt/f/WEB SERVER/WEB SERVER/bin/firebase init
[debug] [2026-05-30T09:54:53.046Z] CLI Version:   15.19.0
[debug] [2026-05-30T09:54:53.046Z] Platform:      linux
[debug] [2026-05-30T09:54:53.046Z] Node Version:  v22.22.2
[debug] [2026-05-30T09:54:53.046Z] Time:          Sat May 30 2026 16:54:53 GMT+0700 (Western Indonesia Time)
[debug] [2026-05-30T09:54:53.046Z] ----------------------------------------------------------------------
[debug] 
[debug] [2026-05-30T09:54:53.048Z] >>> [apiv2][query] GET https://firebase-public.firebaseio.com/cli.json [none]
[info] 
     ######## #### ########  ######## ########     ###     ######  ########
     ##        ##  ##     ## ##       ##     ##  ##   ##  ##       ##
     ######    ##  ########  ######   ########  #########  ######  ######
     ##        ##  ##    ##  ##       ##     ## ##     ##       ## ##
     ##       #### ##     ## ######## ########  ##     ##  ######  ########

You're about to initialize a Firebase project in this directory:

  /mnt/f/WEB SERVER/WEB SERVER/bumi-anyom-web

Before we get started, keep in mind:

  * You are currently outside your home directory

[debug] [2026-05-30T09:55:25.254Z] <<< [apiv2][status] GET https://firebase-public.firebaseio.com/cli.json 200
[debug] [2026-05-30T09:55:25.254Z] <<< [apiv2][body] GET https://firebase-public.firebaseio.com/cli.json {"cloudBuildErrorAfter":1594252800000,"cloudBuildWarnAfter":1590019200000,"defaultNode10After":1594252800000,"minVersion":"3.0.5","node8DeploysDisabledAfter":1613390400000,"node8RuntimeDisabledAfter":1615809600000,"node8WarnAfter":1600128000000}
